[2024-10-21T00:43:23.447+0000] {manager.py:483} INFO - Processing files using up to 2 processes at a time 
[2024-10-21T00:43:23.448+0000] {manager.py:484} INFO - Process each file at most once every 30 seconds
[2024-10-21T00:43:23.448+0000] {manager.py:486} INFO - Checking for new files in /opt/airflow/dags every 300 seconds
[2024-10-21T00:43:23.449+0000] {manager.py:726} INFO - Searching for files in /opt/airflow/dags
[2024-10-21T00:43:23.450+0000] {manager.py:729} INFO - There are 1 files in /opt/airflow/dags
[2024-10-21T00:43:23.738+0000] {manager.py:851} INFO - 
================================================================================
DAG File Processing Stats

File Path                   PID  Runtime      # DAGs    # Errors  Last Runtime    Last Run
------------------------  -----  ---------  --------  ----------  --------------  ----------
/opt/airflow/dags/dag.py    228  0.03s             0           0
================================================================================
[2024-10-21T00:43:53.859+0000] {manager.py:851} INFO - 
================================================================================
DAG File Processing Stats

File Path                 PID    Runtime      # DAGs    # Errors  Last Runtime    Last Run
------------------------  -----  ---------  --------  ----------  --------------  -------------------
/opt/airflow/dags/dag.py                           0           1  1.52s           2024-10-21T00:43:25
================================================================================
[2024-10-21T00:44:23.980+0000] {manager.py:851} INFO - 
================================================================================
DAG File Processing Stats

File Path                 PID    Runtime      # DAGs    # Errors  Last Runtime    Last Run
------------------------  -----  ---------  --------  ----------  --------------  -------------------
/opt/airflow/dags/dag.py                           0           1  0.68s           2024-10-21T00:43:56
================================================================================
[2024-10-21T00:44:54.346+0000] {manager.py:851} INFO - 
================================================================================
DAG File Processing Stats

File Path                 PID    Runtime      # DAGs    # Errors  Last Runtime    Last Run
------------------------  -----  ---------  --------  ----------  --------------  -------------------
/opt/airflow/dags/dag.py                           0           1  0.55s           2024-10-21T00:44:26
================================================================================
[2024-10-21T00:45:24.455+0000] {manager.py:851} INFO - 
================================================================================
DAG File Processing Stats

File Path                 PID    Runtime      # DAGs    # Errors  Last Runtime    Last Run
------------------------  -----  ---------  --------  ----------  --------------  -------------------
/opt/airflow/dags/dag.py                           0           1  0.54s           2024-10-21T00:44:57
================================================================================
[2024-10-21T00:45:54.569+0000] {manager.py:851} INFO - 
================================================================================
DAG File Processing Stats

File Path                 PID    Runtime      # DAGs    # Errors  Last Runtime    Last Run
------------------------  -----  ---------  --------  ----------  --------------  -------------------
/opt/airflow/dags/dag.py                           0           1  0.52s           2024-10-21T00:45:27
================================================================================
[2024-10-21T00:46:24.678+0000] {manager.py:851} INFO - 
================================================================================
DAG File Processing Stats

File Path                 PID    Runtime      # DAGs    # Errors  Last Runtime    Last Run
------------------------  -----  ---------  --------  ----------  --------------  -------------------
/opt/airflow/dags/dag.py                           0           1  0.58s           2024-10-21T00:45:58
================================================================================
[2024-10-21T00:46:54.853+0000] {manager.py:851} INFO - 
================================================================================
DAG File Processing Stats

File Path                 PID    Runtime      # DAGs    # Errors  Last Runtime    Last Run
------------------------  -----  ---------  --------  ----------  --------------  -------------------
/opt/airflow/dags/dag.py                           0           1  0.54s           2024-10-21T00:46:29
================================================================================
[2024-10-21T00:47:24.966+0000] {manager.py:851} INFO - 
================================================================================
DAG File Processing Stats

File Path                 PID    Runtime      # DAGs    # Errors  Last Runtime    Last Run
------------------------  -----  ---------  --------  ----------  --------------  -------------------
/opt/airflow/dags/dag.py                           0           1  0.54s           2024-10-21T00:46:59
================================================================================
[2024-10-21T00:47:55.082+0000] {manager.py:851} INFO - 
================================================================================
DAG File Processing Stats

File Path                 PID    Runtime      # DAGs    # Errors  Last Runtime    Last Run
------------------------  -----  ---------  --------  ----------  --------------  -------------------
/opt/airflow/dags/dag.py                           0           1  0.55s           2024-10-21T00:47:30
================================================================================
[2024-10-21T00:48:08.736+0000] {manager.py:465} INFO - Exiting gracefully upon receiving signal 15
[2024-10-21T00:49:08.410+0000] {manager.py:483} INFO - Processing files using up to 2 processes at a time 
[2024-10-21T00:49:08.411+0000] {manager.py:484} INFO - Process each file at most once every 30 seconds
[2024-10-21T00:49:08.412+0000] {manager.py:486} INFO - Checking for new files in /opt/airflow/dags every 300 seconds
[2024-10-21T00:49:08.412+0000] {manager.py:726} INFO - Searching for files in /opt/airflow/dags
[2024-10-21T00:49:08.414+0000] {manager.py:729} INFO - There are 1 files in /opt/airflow/dags
[2024-10-21T00:49:08.706+0000] {manager.py:851} INFO - 
================================================================================
DAG File Processing Stats

File Path                   PID  Runtime      # DAGs    # Errors  Last Runtime    Last Run
------------------------  -----  ---------  --------  ----------  --------------  ----------
/opt/airflow/dags/dag.py    229  0.06s             0           0
================================================================================
[2024-10-21T00:49:38.797+0000] {manager.py:851} INFO - 
================================================================================
DAG File Processing Stats

File Path                 PID    Runtime      # DAGs    # Errors  Last Runtime    Last Run
------------------------  -----  ---------  --------  ----------  --------------  -------------------
/opt/airflow/dags/dag.py                           0           1  1.78s           2024-10-21T00:49:10
================================================================================
[2024-10-21T00:50:08.903+0000] {manager.py:851} INFO - 
================================================================================
DAG File Processing Stats

File Path                 PID    Runtime      # DAGs    # Errors  Last Runtime    Last Run
------------------------  -----  ---------  --------  ----------  --------------  -------------------
/opt/airflow/dags/dag.py                           0           1  0.69s           2024-10-21T00:49:41
================================================================================
[2024-10-21T00:50:39.161+0000] {manager.py:851} INFO - 
================================================================================
DAG File Processing Stats

File Path                 PID    Runtime      # DAGs    # Errors  Last Runtime    Last Run
------------------------  -----  ---------  --------  ----------  --------------  -------------------
/opt/airflow/dags/dag.py                           0           1  0.96s           2024-10-21T00:50:34
================================================================================
[2024-10-21T00:51:09.494+0000] {manager.py:851} INFO - 
================================================================================
DAG File Processing Stats

File Path                 PID    Runtime      # DAGs    # Errors  Last Runtime    Last Run
------------------------  -----  ---------  --------  ----------  --------------  -------------------
/opt/airflow/dags/dag.py                           1           0  1.32s           2024-10-21T00:51:08
================================================================================
[2024-10-21T00:51:39.602+0000] {manager.py:851} INFO - 
================================================================================
DAG File Processing Stats

File Path                   PID  Runtime      # DAGs    # Errors  Last Runtime    Last Run
------------------------  -----  ---------  --------  ----------  --------------  -------------------
/opt/airflow/dags/dag.py    567  0.71s             1           0  1.32s           2024-10-21T00:51:08
================================================================================
[2024-10-21T00:52:10.009+0000] {manager.py:851} INFO - 
================================================================================
DAG File Processing Stats

File Path                 PID    Runtime      # DAGs    # Errors  Last Runtime    Last Run
------------------------  -----  ---------  --------  ----------  --------------  -------------------
/opt/airflow/dags/dag.py                           1           0  1.16s           2024-10-21T00:51:40
================================================================================
[2024-10-21T00:52:40.271+0000] {manager.py:851} INFO - 
================================================================================
DAG File Processing Stats

File Path                 PID    Runtime      # DAGs    # Errors  Last Runtime    Last Run
------------------------  -----  ---------  --------  ----------  --------------  -------------------
/opt/airflow/dags/dag.py                           1           0  1.29s           2024-10-21T00:52:11
================================================================================
[2024-10-21T00:53:10.651+0000] {manager.py:851} INFO - 
================================================================================
DAG File Processing Stats

File Path                 PID    Runtime      # DAGs    # Errors  Last Runtime    Last Run
------------------------  -----  ---------  --------  ----------  --------------  -------------------
/opt/airflow/dags/dag.py                           1           0  1.21s           2024-10-21T00:52:42
================================================================================
[2024-10-21T00:53:40.953+0000] {manager.py:851} INFO - 
================================================================================
DAG File Processing Stats

File Path                 PID    Runtime      # DAGs    # Errors  Last Runtime    Last Run
------------------------  -----  ---------  --------  ----------  --------------  -------------------
/opt/airflow/dags/dag.py                           1           0  1.18s           2024-10-21T00:53:14
================================================================================
[2024-10-21T00:54:09.211+0000] {manager.py:726} INFO - Searching for files in /opt/airflow/dags
[2024-10-21T00:54:09.213+0000] {manager.py:729} INFO - There are 1 files in /opt/airflow/dags
[2024-10-21T00:54:11.227+0000] {manager.py:851} INFO - 
================================================================================
DAG File Processing Stats

File Path                 PID    Runtime      # DAGs    # Errors  Last Runtime    Last Run
------------------------  -----  ---------  --------  ----------  --------------  -------------------
/opt/airflow/dags/dag.py                           1           0  1.14s           2024-10-21T00:53:45
================================================================================
[2024-10-21T00:54:41.436+0000] {manager.py:851} INFO - 
================================================================================
DAG File Processing Stats

File Path                 PID    Runtime      # DAGs    # Errors  Last Runtime    Last Run
------------------------  -----  ---------  --------  ----------  --------------  -------------------
/opt/airflow/dags/dag.py                           1           0  1.12s           2024-10-21T00:54:16
================================================================================
[2024-10-21T00:55:11.671+0000] {manager.py:851} INFO - 
================================================================================
DAG File Processing Stats

File Path                 PID    Runtime      # DAGs    # Errors  Last Runtime    Last Run
------------------------  -----  ---------  --------  ----------  --------------  -------------------
/opt/airflow/dags/dag.py                           1           0  1.15s           2024-10-21T00:54:47
================================================================================
[2024-10-21T00:55:41.928+0000] {manager.py:851} INFO - 
================================================================================
DAG File Processing Stats

File Path                 PID    Runtime      # DAGs    # Errors  Last Runtime    Last Run
------------------------  -----  ---------  --------  ----------  --------------  -------------------
/opt/airflow/dags/dag.py                           1           0  1.18s           2024-10-21T00:55:19
================================================================================
[2024-10-21T00:56:12.188+0000] {manager.py:851} INFO - 
================================================================================
DAG File Processing Stats

File Path                 PID    Runtime      # DAGs    # Errors  Last Runtime    Last Run
------------------------  -----  ---------  --------  ----------  --------------  -------------------
/opt/airflow/dags/dag.py                           1           0  1.15s           2024-10-21T00:55:50
================================================================================
[2024-10-21T00:56:42.424+0000] {manager.py:851} INFO - 
================================================================================
DAG File Processing Stats

File Path                 PID    Runtime      # DAGs    # Errors  Last Runtime    Last Run
------------------------  -----  ---------  --------  ----------  --------------  -------------------
/opt/airflow/dags/dag.py                           1           0  1.11s           2024-10-21T00:56:21
================================================================================
[2024-10-21T00:57:12.666+0000] {manager.py:851} INFO - 
================================================================================
DAG File Processing Stats

File Path                 PID    Runtime      # DAGs    # Errors  Last Runtime    Last Run
------------------------  -----  ---------  --------  ----------  --------------  -------------------
/opt/airflow/dags/dag.py                           1           0  1.25s           2024-10-21T00:56:52
================================================================================
[2024-10-21T00:57:42.921+0000] {manager.py:851} INFO - 
================================================================================
DAG File Processing Stats

File Path                 PID    Runtime      # DAGs    # Errors  Last Runtime    Last Run
------------------------  -----  ---------  --------  ----------  --------------  -------------------
/opt/airflow/dags/dag.py                           1           0  1.18s           2024-10-21T00:57:24
================================================================================
[2024-10-21T00:58:13.187+0000] {manager.py:851} INFO - 
================================================================================
DAG File Processing Stats

File Path                 PID    Runtime      # DAGs    # Errors  Last Runtime    Last Run
------------------------  -----  ---------  --------  ----------  --------------  -------------------
/opt/airflow/dags/dag.py                           1           0  1.15s           2024-10-21T00:57:55
================================================================================
[2024-10-21T00:58:43.441+0000] {manager.py:851} INFO - 
================================================================================
DAG File Processing Stats

File Path                 PID    Runtime      # DAGs    # Errors  Last Runtime    Last Run
------------------------  -----  ---------  --------  ----------  --------------  -------------------
/opt/airflow/dags/dag.py                           1           0  1.11s           2024-10-21T00:58:26
================================================================================
[2024-10-21T00:59:09.542+0000] {manager.py:726} INFO - Searching for files in /opt/airflow/dags
[2024-10-21T00:59:09.543+0000] {manager.py:729} INFO - There are 1 files in /opt/airflow/dags
[2024-10-21T00:59:13.566+0000] {manager.py:851} INFO - 
================================================================================
DAG File Processing Stats

File Path                 PID    Runtime      # DAGs    # Errors  Last Runtime    Last Run
------------------------  -----  ---------  --------  ----------  --------------  -------------------
/opt/airflow/dags/dag.py                           1           0  1.14s           2024-10-21T00:58:57
================================================================================
[2024-10-21T00:59:43.778+0000] {manager.py:851} INFO - 
================================================================================
DAG File Processing Stats

File Path                 PID    Runtime      # DAGs    # Errors  Last Runtime    Last Run
------------------------  -----  ---------  --------  ----------  --------------  -------------------
/opt/airflow/dags/dag.py                           1           0  1.12s           2024-10-21T00:59:28
================================================================================
[2024-10-21T01:00:13.974+0000] {manager.py:851} INFO - 
================================================================================
DAG File Processing Stats

File Path                 PID    Runtime      # DAGs    # Errors  Last Runtime    Last Run
------------------------  -----  ---------  --------  ----------  --------------  -------------------
/opt/airflow/dags/dag.py                           1           0  1.11s           2024-10-21T01:00:00
================================================================================
[2024-10-21T01:00:44.212+0000] {manager.py:851} INFO - 
================================================================================
DAG File Processing Stats

File Path                 PID    Runtime      # DAGs    # Errors  Last Runtime    Last Run
------------------------  -----  ---------  --------  ----------  --------------  -------------------
/opt/airflow/dags/dag.py                           1           0  1.20s           2024-10-21T01:00:31
================================================================================
[2024-10-21T01:01:14.360+0000] {manager.py:851} INFO - 
================================================================================
DAG File Processing Stats

File Path                 PID    Runtime      # DAGs    # Errors  Last Runtime    Last Run
------------------------  -----  ---------  --------  ----------  --------------  -------------------
/opt/airflow/dags/dag.py                           1           0  1.14s           2024-10-21T01:01:02
================================================================================
[2024-10-21T01:01:44.604+0000] {manager.py:851} INFO - 
================================================================================
DAG File Processing Stats

File Path                 PID    Runtime      # DAGs    # Errors  Last Runtime    Last Run
------------------------  -----  ---------  --------  ----------  --------------  -------------------
/opt/airflow/dags/dag.py                           1           0  1.29s           2024-10-21T01:01:33
================================================================================
[2024-10-21T01:02:14.849+0000] {manager.py:851} INFO - 
================================================================================
DAG File Processing Stats

File Path                 PID    Runtime      # DAGs    # Errors  Last Runtime    Last Run
------------------------  -----  ---------  --------  ----------  --------------  -------------------
/opt/airflow/dags/dag.py                           1           0  1.16s           2024-10-21T01:02:04
================================================================================
[2024-10-21T01:02:45.103+0000] {manager.py:851} INFO - 
================================================================================
DAG File Processing Stats

File Path                 PID    Runtime      # DAGs    # Errors  Last Runtime    Last Run
------------------------  -----  ---------  --------  ----------  --------------  -------------------
/opt/airflow/dags/dag.py                           1           0  1.19s           2024-10-21T01:02:36
================================================================================
[2024-10-21T01:03:15.403+0000] {manager.py:851} INFO - 
================================================================================
DAG File Processing Stats

File Path                 PID    Runtime      # DAGs    # Errors  Last Runtime    Last Run
------------------------  -----  ---------  --------  ----------  --------------  -------------------
/opt/airflow/dags/dag.py                           1           0  1.21s           2024-10-21T01:03:07
================================================================================
[2024-10-21T01:03:45.703+0000] {manager.py:851} INFO - 
================================================================================
DAG File Processing Stats

File Path                 PID    Runtime      # DAGs    # Errors  Last Runtime    Last Run
------------------------  -----  ---------  --------  ----------  --------------  -------------------
/opt/airflow/dags/dag.py                           1           0  1.14s           2024-10-21T01:03:38
================================================================================
[2024-10-21T01:04:09.784+0000] {manager.py:726} INFO - Searching for files in /opt/airflow/dags
[2024-10-21T01:04:09.786+0000] {manager.py:729} INFO - There are 1 files in /opt/airflow/dags
[2024-10-21T01:04:15.926+0000] {manager.py:851} INFO - 
================================================================================
DAG File Processing Stats

File Path                 PID    Runtime      # DAGs    # Errors  Last Runtime    Last Run
------------------------  -----  ---------  --------  ----------  --------------  -------------------
/opt/airflow/dags/dag.py                           1           0  1.15s           2024-10-21T01:04:10
================================================================================
[2024-10-21T01:04:46.163+0000] {manager.py:851} INFO - 
================================================================================
DAG File Processing Stats

File Path                 PID    Runtime      # DAGs    # Errors  Last Runtime    Last Run
------------------------  -----  ---------  --------  ----------  --------------  -------------------
/opt/airflow/dags/dag.py                           1           0  1.12s           2024-10-21T01:04:41
================================================================================
[2024-10-21T01:05:16.377+0000] {manager.py:851} INFO - 
================================================================================
DAG File Processing Stats

File Path                 PID    Runtime      # DAGs    # Errors  Last Runtime    Last Run
------------------------  -----  ---------  --------  ----------  --------------  -------------------
/opt/airflow/dags/dag.py                           1           0  1.17s           2024-10-21T01:05:12
================================================================================
[2024-10-21T01:05:46.529+0000] {manager.py:851} INFO - 
================================================================================
DAG File Processing Stats

File Path                 PID    Runtime      # DAGs    # Errors  Last Runtime    Last Run
------------------------  -----  ---------  --------  ----------  --------------  -------------------
/opt/airflow/dags/dag.py                           1           0  1.15s           2024-10-21T01:05:43
================================================================================
[2024-10-21T01:06:16.726+0000] {manager.py:851} INFO - 
================================================================================
DAG File Processing Stats

File Path                 PID    Runtime      # DAGs    # Errors  Last Runtime    Last Run
------------------------  -----  ---------  --------  ----------  --------------  -------------------
/opt/airflow/dags/dag.py                           1           0  1.15s           2024-10-21T01:06:14
================================================================================
[2024-10-21T01:06:46.956+0000] {manager.py:851} INFO - 
================================================================================
DAG File Processing Stats

File Path                 PID    Runtime      # DAGs    # Errors  Last Runtime    Last Run
------------------------  -----  ---------  --------  ----------  --------------  -------------------
/opt/airflow/dags/dag.py                           1           0  1.12s           2024-10-21T01:06:46
================================================================================
[2024-10-21T01:07:17.064+0000] {manager.py:851} INFO - 
================================================================================
DAG File Processing Stats

File Path                   PID  Runtime      # DAGs    # Errors  Last Runtime    Last Run
------------------------  -----  ---------  --------  ----------  --------------  -------------------
/opt/airflow/dags/dag.py   2652  0.91s             1           0  1.12s           2024-10-21T01:06:46
================================================================================
[2024-10-21T01:07:47.269+0000] {manager.py:851} INFO - 
================================================================================
DAG File Processing Stats

File Path                 PID    Runtime      # DAGs    # Errors  Last Runtime    Last Run
------------------------  -----  ---------  --------  ----------  --------------  -------------------
/opt/airflow/dags/dag.py                           1           0  1.14s           2024-10-21T01:07:17
================================================================================
[2024-10-21T01:08:17.593+0000] {manager.py:851} INFO - 
================================================================================
DAG File Processing Stats

File Path                 PID    Runtime      # DAGs    # Errors  Last Runtime    Last Run
------------------------  -----  ---------  --------  ----------  --------------  -------------------
/opt/airflow/dags/dag.py                           1           0  1.60s           2024-10-21T01:07:48
================================================================================
[2024-10-21T01:08:48.204+0000] {manager.py:851} INFO - 
================================================================================
DAG File Processing Stats

File Path                 PID    Runtime      # DAGs    # Errors  Last Runtime    Last Run
------------------------  -----  ---------  --------  ----------  --------------  -------------------
/opt/airflow/dags/dag.py                           1           0  1.15s           2024-10-21T01:08:20
================================================================================
[2024-10-21T01:09:10.417+0000] {manager.py:726} INFO - Searching for files in /opt/airflow/dags
[2024-10-21T01:09:10.419+0000] {manager.py:729} INFO - There are 1 files in /opt/airflow/dags
[2024-10-21T01:09:18.464+0000] {manager.py:851} INFO - 
================================================================================
DAG File Processing Stats

File Path                 PID    Runtime      # DAGs    # Errors  Last Runtime    Last Run
------------------------  -----  ---------  --------  ----------  --------------  -------------------
/opt/airflow/dags/dag.py                           1           0  1.15s           2024-10-21T01:08:51
================================================================================
[2024-10-21T01:09:48.680+0000] {manager.py:851} INFO - 
================================================================================
DAG File Processing Stats

File Path                 PID    Runtime      # DAGs    # Errors  Last Runtime    Last Run
------------------------  -----  ---------  --------  ----------  --------------  -------------------
/opt/airflow/dags/dag.py                           1           0  1.24s           2024-10-21T01:09:22
================================================================================
[2024-10-21T01:10:18.939+0000] {manager.py:851} INFO - 
================================================================================
DAG File Processing Stats

File Path                 PID    Runtime      # DAGs    # Errors  Last Runtime    Last Run
------------------------  -----  ---------  --------  ----------  --------------  -------------------
/opt/airflow/dags/dag.py                           1           0  1.10s           2024-10-21T01:09:53
================================================================================
[2024-10-21T01:10:49.101+0000] {manager.py:851} INFO - 
================================================================================
DAG File Processing Stats

File Path                 PID    Runtime      # DAGs    # Errors  Last Runtime    Last Run
------------------------  -----  ---------  --------  ----------  --------------  -------------------
/opt/airflow/dags/dag.py                           1           0  1.13s           2024-10-21T01:10:25
================================================================================
[2024-10-21T01:11:19.270+0000] {manager.py:851} INFO - 
================================================================================
DAG File Processing Stats

File Path                 PID    Runtime      # DAGs    # Errors  Last Runtime    Last Run
------------------------  -----  ---------  --------  ----------  --------------  -------------------
/opt/airflow/dags/dag.py                           1           0  1.17s           2024-10-21T01:10:56
================================================================================
[2024-10-21T01:11:49.381+0000] {manager.py:851} INFO - 
================================================================================
DAG File Processing Stats

File Path                 PID    Runtime      # DAGs    # Errors  Last Runtime    Last Run
------------------------  -----  ---------  --------  ----------  --------------  -------------------
/opt/airflow/dags/dag.py                           1           0  1.14s           2024-10-21T01:11:27
================================================================================
[2024-10-21T01:12:19.614+0000] {manager.py:851} INFO - 
================================================================================
DAG File Processing Stats

File Path                 PID    Runtime      # DAGs    # Errors  Last Runtime    Last Run
------------------------  -----  ---------  --------  ----------  --------------  -------------------
/opt/airflow/dags/dag.py                           1           0  1.16s           2024-10-21T01:11:58
================================================================================
[2024-10-21T01:12:49.851+0000] {manager.py:851} INFO - 
================================================================================
DAG File Processing Stats

File Path                 PID    Runtime      # DAGs    # Errors  Last Runtime    Last Run
------------------------  -----  ---------  --------  ----------  --------------  -------------------
/opt/airflow/dags/dag.py                           1           0  1.17s           2024-10-21T01:12:29
================================================================================
[2024-10-21T01:13:20.038+0000] {manager.py:851} INFO - 
================================================================================
DAG File Processing Stats

File Path                 PID    Runtime      # DAGs    # Errors  Last Runtime    Last Run
------------------------  -----  ---------  --------  ----------  --------------  -------------------
/opt/airflow/dags/dag.py                           1           0  1.11s           2024-10-21T01:13:00
================================================================================
[2024-10-21T01:13:50.157+0000] {manager.py:851} INFO - 
================================================================================
DAG File Processing Stats

File Path                 PID    Runtime      # DAGs    # Errors  Last Runtime    Last Run
------------------------  -----  ---------  --------  ----------  --------------  -------------------
/opt/airflow/dags/dag.py                           1           0  1.11s           2024-10-21T01:13:32
================================================================================
[2024-10-21T01:14:11.311+0000] {manager.py:726} INFO - Searching for files in /opt/airflow/dags
[2024-10-21T01:14:11.312+0000] {manager.py:729} INFO - There are 1 files in /opt/airflow/dags
[2024-10-21T01:14:20.356+0000] {manager.py:851} INFO - 
================================================================================
DAG File Processing Stats

File Path                 PID    Runtime      # DAGs    # Errors  Last Runtime    Last Run
------------------------  -----  ---------  --------  ----------  --------------  -------------------
/opt/airflow/dags/dag.py                           1           0  1.16s           2024-10-21T01:14:03
================================================================================
[2024-10-21T01:14:50.519+0000] {manager.py:851} INFO - 
================================================================================
DAG File Processing Stats

File Path                 PID    Runtime      # DAGs    # Errors  Last Runtime    Last Run
------------------------  -----  ---------  --------  ----------  --------------  -------------------
/opt/airflow/dags/dag.py                           1           0  1.29s           2024-10-21T01:14:34
================================================================================
[2024-10-21T01:15:20.861+0000] {manager.py:851} INFO - 
================================================================================
DAG File Processing Stats

File Path                 PID    Runtime      # DAGs    # Errors  Last Runtime    Last Run
------------------------  -----  ---------  --------  ----------  --------------  -------------------
/opt/airflow/dags/dag.py                           1           0  1.25s           2024-10-21T01:15:06
================================================================================
[2024-10-21T01:15:51.201+0000] {manager.py:851} INFO - 
================================================================================
DAG File Processing Stats

File Path                 PID    Runtime      # DAGs    # Errors  Last Runtime    Last Run
------------------------  -----  ---------  --------  ----------  --------------  -------------------
/opt/airflow/dags/dag.py                           1           0  1.30s           2024-10-21T01:15:37
================================================================================
[2024-10-21T01:16:21.663+0000] {manager.py:851} INFO - 
================================================================================
DAG File Processing Stats

File Path                 PID    Runtime      # DAGs    # Errors  Last Runtime    Last Run
------------------------  -----  ---------  --------  ----------  --------------  -------------------
/opt/airflow/dags/dag.py                           1           0  1.23s           2024-10-21T01:16:08
================================================================================
[2024-10-21T01:16:51.990+0000] {manager.py:851} INFO - 
================================================================================
DAG File Processing Stats

File Path                 PID    Runtime      # DAGs    # Errors  Last Runtime    Last Run
------------------------  -----  ---------  --------  ----------  --------------  -------------------
/opt/airflow/dags/dag.py                           1           0  1.28s           2024-10-21T01:16:40
================================================================================
[2024-10-21T01:17:22.357+0000] {manager.py:851} INFO - 
================================================================================
DAG File Processing Stats

File Path                 PID    Runtime      # DAGs    # Errors  Last Runtime    Last Run
------------------------  -----  ---------  --------  ----------  --------------  -------------------
/opt/airflow/dags/dag.py                           1           0  1.14s           2024-10-21T01:17:11
================================================================================
[2024-10-21T01:17:52.575+0000] {manager.py:851} INFO - 
================================================================================
DAG File Processing Stats

File Path                 PID    Runtime      # DAGs    # Errors  Last Runtime    Last Run
------------------------  -----  ---------  --------  ----------  --------------  -------------------
/opt/airflow/dags/dag.py                           1           0  1.15s           2024-10-21T01:17:42
================================================================================
[2024-10-21T01:18:22.813+0000] {manager.py:851} INFO - 
================================================================================
DAG File Processing Stats

File Path                 PID    Runtime      # DAGs    # Errors  Last Runtime    Last Run
------------------------  -----  ---------  --------  ----------  --------------  -------------------
/opt/airflow/dags/dag.py                           1           0  1.12s           2024-10-21T01:18:13
================================================================================
[2024-10-21T01:18:53.074+0000] {manager.py:851} INFO - 
================================================================================
DAG File Processing Stats

File Path                 PID    Runtime      # DAGs    # Errors  Last Runtime    Last Run
------------------------  -----  ---------  --------  ----------  --------------  -------------------
/opt/airflow/dags/dag.py                           1           0  1.25s           2024-10-21T01:18:45
================================================================================
[2024-10-21T01:19:12.153+0000] {manager.py:726} INFO - Searching for files in /opt/airflow/dags
[2024-10-21T01:19:12.155+0000] {manager.py:729} INFO - There are 1 files in /opt/airflow/dags
[2024-10-21T01:19:23.261+0000] {manager.py:851} INFO - 
================================================================================
DAG File Processing Stats

File Path                 PID    Runtime      # DAGs    # Errors  Last Runtime    Last Run
------------------------  -----  ---------  --------  ----------  --------------  -------------------
/opt/airflow/dags/dag.py                           1           0  1.10s           2024-10-21T01:19:16
================================================================================
[2024-10-21T01:19:53.393+0000] {manager.py:851} INFO - 
================================================================================
DAG File Processing Stats

File Path                 PID    Runtime      # DAGs    # Errors  Last Runtime    Last Run
------------------------  -----  ---------  --------  ----------  --------------  -------------------
/opt/airflow/dags/dag.py                           1           0  1.31s           2024-10-21T01:19:47
================================================================================
[2024-10-21T01:20:23.817+0000] {manager.py:851} INFO - 
================================================================================
DAG File Processing Stats

File Path                 PID    Runtime      # DAGs    # Errors  Last Runtime    Last Run
------------------------  -----  ---------  --------  ----------  --------------  -------------------
/opt/airflow/dags/dag.py                           1           0  1.37s           2024-10-21T01:20:19
================================================================================
[2024-10-21T01:20:54.273+0000] {manager.py:851} INFO - 
================================================================================
DAG File Processing Stats

File Path                 PID    Runtime      # DAGs    # Errors  Last Runtime    Last Run
------------------------  -----  ---------  --------  ----------  --------------  -------------------
/opt/airflow/dags/dag.py                           1           0  1.20s           2024-10-21T01:20:50
================================================================================
[2024-10-21T01:21:24.562+0000] {manager.py:851} INFO - 
================================================================================
DAG File Processing Stats

File Path                 PID    Runtime      # DAGs    # Errors  Last Runtime    Last Run
------------------------  -----  ---------  --------  ----------  --------------  -------------------
/opt/airflow/dags/dag.py                           1           0  1.15s           2024-10-21T01:21:21
================================================================================
[2024-10-21T01:21:54.800+0000] {manager.py:851} INFO - 
================================================================================
DAG File Processing Stats

File Path                 PID    Runtime      # DAGs    # Errors  Last Runtime    Last Run
------------------------  -----  ---------  --------  ----------  --------------  -------------------
/opt/airflow/dags/dag.py                           1           0  1.13s           2024-10-21T01:21:52
================================================================================
[2024-10-21T01:22:25.020+0000] {manager.py:851} INFO - 
================================================================================
DAG File Processing Stats

File Path                 PID    Runtime      # DAGs    # Errors  Last Runtime    Last Run
------------------------  -----  ---------  --------  ----------  --------------  -------------------
/opt/airflow/dags/dag.py                           1           0  1.31s           2024-10-21T01:22:24
================================================================================
[2024-10-21T01:22:55.150+0000] {manager.py:851} INFO - 
================================================================================
DAG File Processing Stats

File Path                   PID  Runtime      # DAGs    # Errors  Last Runtime    Last Run
------------------------  -----  ---------  --------  ----------  --------------  -------------------
/opt/airflow/dags/dag.py   4699  0.72s             1           0  1.31s           2024-10-21T01:22:24
================================================================================
[2024-10-21T01:23:25.578+0000] {manager.py:851} INFO - 
================================================================================
DAG File Processing Stats

File Path                 PID    Runtime      # DAGs    # Errors  Last Runtime    Last Run
------------------------  -----  ---------  --------  ----------  --------------  -------------------
/opt/airflow/dags/dag.py                           1           0  1.29s           2024-10-21T01:22:55
================================================================================
